# JRE version: OpenJDK Runtime Environment (8.0_242-b01) (build 1.8.0_242-release-1644-b01)
# Java VM: OpenJDK 64-Bit Server VM (25.242-b01 mixed mode windows-amd64 compressed oops)
Heap:
 PSYoungGen      total 244736K, used 205301K [0x00000000d5580000, 0x00000000e5400000, 0x0000000100000000)
  eden space 230912K, 88% used [0x00000000d5580000,0x00000000e1dfd680,0x00000000e3700000)
  from space 13824K, 0% used [0x00000000e4680000,0x00000000e4680000,0x00000000e5400000)
  to   space 14848K, 0% used [0x00000000e3700000,0x00000000e3700000,0x00000000e4580000)
 ParOldGen       total 88064K, used 15456K [0x0000000080000000, 0x0000000085600000, 0x00000000d5580000)
  object space 88064K, 17% used [0x0000000080000000,0x0000000080f18390,0x0000000085600000)
 Metaspace       used 51978K, capacity 53750K, committed 53928K, reserved 1095680K
  class space    used 7031K, capacity 7476K, committed 7600K, reserved 1048576K
GC Heap History (10 events):
Event: 2.784 GC heap before
{Heap before GC invocations=4 (full 0):
 PSYoungGen      total 76288K, used 17652K [0x00000000d5580000, 0x00000000dea80000, 0x0000000100000000)
  eden space 65536K, 10% used [0x00000000d5580000,0x00000000d5c3eb48,0x00000000d9580000)
  from space 10752K, 99% used [0x00000000d9580000,0x00000000d9ffe628,0x00000000da000000)
  to   space 10752K, 0% used [0x00000000de000000,0x00000000de000000,0x00000000dea80000)
 ParOldGen       total 175104K, used 1402K [0x0000000080000000, 0x000000008ab00000, 0x00000000d5580000)
  object space 175104K, 0% used [0x0000000080000000,0x000000008015e810,0x000000008ab00000)
 Metaspace       used 20636K, capacity 21236K, committed 21296K, reserved 1067008K
  class space    used 2890K, capacity 3088K, committed 3120K, reserved 1048576K
Event: 2.789 GC heap after
Heap after GC invocations=4 (full 0):
 PSYoungGen      total 141824K, used 7450K [0x00000000d5580000, 0x00000000dea80000, 0x0000000100000000)
  eden space 131072K, 0% used [0x00000000d5580000,0x00000000d5580000,0x00000000dd580000)
  from space 10752K, 69% used [0x00000000de000000,0x00000000de746a80,0x00000000dea80000)
  to   space 10752K, 0% used [0x00000000dd580000,0x00000000dd580000,0x00000000de000000)
 ParOldGen       total 175104K, used 1410K [0x0000000080000000, 0x000000008ab00000, 0x00000000d5580000)
  object space 175104K, 0% used [0x0000000080000000,0x0000000080160810,0x000000008ab00000)
 Metaspace       used 20636K, capacity 21236K, committed 21296K, reserved 1067008K
  class space    used 2890K, capacity 3088K, committed 3120K, reserved 1048576K
}
Event: 2.789 GC heap before
{Heap before GC invocations=5 (full 1):
 PSYoungGen      total 141824K, used 7450K [0x00000000d5580000, 0x00000000dea80000, 0x0000000100000000)
  eden space 131072K, 0% used [0x00000000d5580000,0x00000000d5580000,0x00000000dd580000)
  from space 10752K, 69% used [0x00000000de000000,0x00000000de746a80,0x00000000dea80000)
  to   space 10752K, 0% used [0x00000000dd580000,0x00000000dd580000,0x00000000de000000)
 ParOldGen       total 175104K, used 1410K [0x0000000080000000, 0x000000008ab00000, 0x00000000d5580000)
  object space 175104K, 0% used [0x0000000080000000,0x0000000080160810,0x000000008ab00000)
 Metaspace       used 20636K, capacity 21236K, committed 21296K, reserved 1067008K
  class space    used 2890K, capacity 3088K, committed 3120K, reserved 1048576K
Event: 2.815 GC heap after
Heap after GC invocations=5 (full 1):
 PSYoungGen      total 141824K, used 0K [0x00000000d5580000, 0x00000000dea80000, 0x0000000100000000)
  eden space 131072K, 0% used [0x00000000d5580000,0x00000000d5580000,0x00000000dd580000)
  from space 10752K, 0% used [0x00000000de000000,0x00000000de000000,0x00000000dea80000)
  to   space 10752K, 0% used [0x00000000dd580000,0x00000000dd580000,0x00000000de000000)
 ParOldGen       total 88064K, used 7257K [0x0000000080000000, 0x0000000085600000, 0x00000000d5580000)
  object space 88064K, 8% used [0x0000000080000000,0x0000000080716520,0x0000000085600000)
 Metaspace       used 20636K, capacity 21236K, committed 21296K, reserved 1067008K
  class space    used 2890K, capacity 3088K, committed 3120K, reserved 1048576K
}
Event: 3.843 GC heap before
{Heap before GC invocations=6 (full 1):
 PSYoungGen      total 141824K, used 131072K [0x00000000d5580000, 0x00000000dea80000, 0x0000000100000000)
  eden space 131072K, 100% used [0x00000000d5580000,0x00000000dd580000,0x00000000dd580000)
  from space 10752K, 0% used [0x00000000de000000,0x00000000de000000,0x00000000dea80000)
  to   space 10752K, 0% used [0x00000000dd580000,0x00000000dd580000,0x00000000de000000)
 ParOldGen       total 88064K, used 7257K [0x0000000080000000, 0x0000000085600000, 0x00000000d5580000)
  object space 88064K, 8% used [0x0000000080000000,0x0000000080716520,0x0000000085600000)
 Metaspace       used 32347K, capacity 33060K, committed 33328K, reserved 1077248K
  class space    used 4412K, capacity 4613K, committed 4656K, reserved 1048576K
Event: 3.855 GC heap after
Heap after GC invocations=6 (full 1):
 PSYoungGen      total 141824K, used 10728K [0x00000000d5580000, 0x00000000e5600000, 0x0000000100000000)
  eden space 131072K, 0% used [0x00000000d5580000,0x00000000d5580000,0x00000000dd580000)
  from space 10752K, 99% used [0x00000000dd580000,0x00000000ddffa040,0x00000000de000000)
  to   space 15872K, 0% used [0x00000000e4680000,0x00000000e4680000,0x00000000e5600000)
 ParOldGen       total 88064K, used 9941K [0x0000000080000000, 0x0000000085600000, 0x00000000d5580000)
  object space 88064K, 11% used [0x0000000080000000,0x00000000809b5520,0x0000000085600000)
 Metaspace       used 32347K, capacity 33060K, committed 33328K, reserved 1077248K
  class space    used 4412K, capacity 4613K, committed 4656K, reserved 1048576K
}
Event: 4.136 GC heap before
{Heap before GC invocations=7 (full 1):
 PSYoungGen      total 141824K, used 58345K [0x00000000d5580000, 0x00000000e5600000, 0x0000000100000000)
  eden space 131072K, 36% used [0x00000000d5580000,0x00000000d84006f0,0x00000000dd580000)
  from space 10752K, 99% used [0x00000000dd580000,0x00000000ddffa040,0x00000000de000000)
  to   space 15872K, 0% used [0x00000000e4680000,0x00000000e4680000,0x00000000e5600000)
 ParOldGen       total 88064K, used 9941K [0x0000000080000000, 0x0000000085600000, 0x00000000d5580000)
  object space 88064K, 11% used [0x0000000080000000,0x00000000809b5520,0x0000000085600000)
 Metaspace       used 34633K, capacity 35442K, committed 35496K, reserved 1079296K
  class space    used 4750K, capacity 5006K, committed 5040K, reserved 1048576K
Event: 4.145 GC heap after
Heap after GC invocations=7 (full 1):
 PSYoungGen      total 244736K, used 8849K [0x00000000d5580000, 0x00000000e5400000, 0x0000000100000000)
  eden space 230912K, 0% used [0x00000000d5580000,0x00000000d5580000,0x00000000e3700000)
  from space 13824K, 64% used [0x00000000e4680000,0x00000000e4f246a0,0x00000000e5400000)
  to   space 14848K, 0% used [0x00000000e3700000,0x00000000e3700000,0x00000000e4580000)
 ParOldGen       total 88064K, used 9949K [0x0000000080000000, 0x0000000085600000, 0x00000000d5580000)
  object space 88064K, 11% used [0x0000000080000000,0x00000000809b7520,0x0000000085600000)
 Metaspace       used 34633K, capacity 35442K, committed 35496K, reserved 1079296K
  class space    used 4750K, capacity 5006K, committed 5040K, reserved 1048576K
}
Event: 4.145 GC heap before
{Heap before GC invocations=8 (full 2):
 PSYoungGen      total 244736K, used 8849K [0x00000000d5580000, 0x00000000e5400000, 0x0000000100000000)
  eden space 230912K, 0% used [0x00000000d5580000,0x00000000d5580000,0x00000000e3700000)
  from space 13824K, 64% used [0x00000000e4680000,0x00000000e4f246a0,0x00000000e5400000)
  to   space 14848K, 0% used [0x00000000e3700000,0x00000000e3700000,0x00000000e4580000)
 ParOldGen       total 88064K, used 9949K [0x0000000080000000, 0x0000000085600000, 0x00000000d5580000)
  object space 88064K, 11% used [0x0000000080000000,0x00000000809b7520,0x0000000085600000)
 Metaspace       used 34633K, capacity 35442K, committed 35496K, reserved 1079296K
  class space    used 4750K, capacity 5006K, committed 5040K, reserved 1048576K
Event: 4.181 GC heap after
Heap after GC invocations=8 (full 2):
 PSYoungGen      total 244736K, used 0K [0x00000000d5580000, 0x00000000e5400000, 0x0000000100000000)
  eden space 230912K, 0% used [0x00000000d5580000,0x00000000d5580000,0x00000000e3700000)
  from space 13824K, 0% used [0x00000000e4680000,0x00000000e4680000,0x00000000e5400000)
  to   space 14848K, 0% used [0x00000000e3700000,0x00000000e3700000,0x00000000e4580000)
 ParOldGen       total 88064K, used 15456K [0x0000000080000000, 0x0000000085600000, 0x00000000d5580000)
  object space 88064K, 17% used [0x0000000080000000,0x0000000080f18390,0x0000000085600000)
 Metaspace       used 34633K, capacity 35442K, committed 35496K, reserved 1079296K
  class space    used 4750K, capacity 5006K, committed 5040K, reserved 1048576K
}

