# JRE version: OpenJDK Runtime Environment (8.0_242-b01) (build 1.8.0_242-release-1644-b01)
# Java VM: OpenJDK 64-Bit Server VM (25.242-b01 mixed mode windows-amd64 compressed oops)
Heap:
 PSYoungGen      total 162816K, used 162347K [0x00000000d5580000, 0x00000000e1b00000, 0x0000000100000000)
  eden space 152064K, 100% used [0x00000000d5580000,0x00000000dea00000,0x00000000dea00000)
  from space 10752K, 95% used [0x00000000e1080000,0x00000000e1a8adb0,0x00000000e1b00000)
  to   space 12800K, 0% used [0x00000000e0200000,0x00000000e0200000,0x00000000e0e80000)
 ParOldGen       total 96256K, used 17287K [0x0000000080000000, 0x0000000085e00000, 0x00000000d5580000)
  object space 96256K, 17% used [0x0000000080000000,0x00000000810e1cb8,0x0000000085e00000)
 Metaspace       used 55896K, capacity 58082K, committed 58152K, reserved 1099776K
  class space    used 7495K, capacity 7981K, committed 7984K, reserved 1048576K
GC Heap History (10 events):
Event: 3.780 GC heap before
{Heap before GC invocations=6 (full 1):
 PSYoungGen      total 76288K, used 65536K [0x00000000d5580000, 0x00000000dea80000, 0x0000000100000000)
  eden space 65536K, 100% used [0x00000000d5580000,0x00000000d9580000,0x00000000d9580000)
  from space 10752K, 0% used [0x00000000da000000,0x00000000da000000,0x00000000daa80000)
  to   space 10752K, 0% used [0x00000000d9580000,0x00000000d9580000,0x00000000da000000)
 ParOldGen       total 96256K, used 7732K [0x0000000080000000, 0x0000000085e00000, 0x00000000d5580000)
  object space 96256K, 8% used [0x0000000080000000,0x000000008078d170,0x0000000085e00000)
 Metaspace       used 28112K, capacity 28880K, committed 29232K, reserved 1075200K
  class space    used 3878K, capacity 4107K, committed 4144K, reserved 1048576K
Event: 3.785 GC heap after
Heap after GC invocations=6 (full 1):
 PSYoungGen      total 76288K, used 8172K [0x00000000d5580000, 0x00000000dd780000, 0x0000000100000000)
  eden space 65536K, 0% used [0x00000000d5580000,0x00000000d5580000,0x00000000d9580000)
  from space 10752K, 76% used [0x00000000d9580000,0x00000000d9d7b150,0x00000000da000000)
  to   space 12800K, 0% used [0x00000000dcb00000,0x00000000dcb00000,0x00000000dd780000)
 ParOldGen       total 96256K, used 7740K [0x0000000080000000, 0x0000000085e00000, 0x00000000d5580000)
  object space 96256K, 8% used [0x0000000080000000,0x000000008078f170,0x0000000085e00000)
 Metaspace       used 28112K, capacity 28880K, committed 29232K, reserved 1075200K
  class space    used 3878K, capacity 4107K, committed 4144K, reserved 1048576K
}
Event: 4.317 GC heap before
{Heap before GC invocations=7 (full 1):
 PSYoungGen      total 76288K, used 73708K [0x00000000d5580000, 0x00000000dd780000, 0x0000000100000000)
  eden space 65536K, 100% used [0x00000000d5580000,0x00000000d9580000,0x00000000d9580000)
  from space 10752K, 76% used [0x00000000d9580000,0x00000000d9d7b150,0x00000000da000000)
  to   space 12800K, 0% used [0x00000000dcb00000,0x00000000dcb00000,0x00000000dd780000)
 ParOldGen       total 96256K, used 7740K [0x0000000080000000, 0x0000000085e00000, 0x00000000d5580000)
  object space 96256K, 8% used [0x0000000080000000,0x000000008078f170,0x0000000085e00000)
 Metaspace       used 32281K, capacity 33282K, committed 33456K, reserved 1077248K
  class space    used 4381K, capacity 4700K, committed 4784K, reserved 1048576K
Event: 4.325 GC heap after
Heap after GC invocations=7 (full 1):
 PSYoungGen      total 119296K, used 8921K [0x00000000d5580000, 0x00000000dd680000, 0x0000000100000000)
  eden space 107520K, 0% used [0x00000000d5580000,0x00000000d5580000,0x00000000dbe80000)
  from space 11776K, 75% used [0x00000000dcb00000,0x00000000dd3b6500,0x00000000dd680000)
  to   space 12288K, 0% used [0x00000000dbe80000,0x00000000dbe80000,0x00000000dca80000)
 ParOldGen       total 96256K, used 7748K [0x0000000080000000, 0x0000000085e00000, 0x00000000d5580000)
  object space 96256K, 8% used [0x0000000080000000,0x0000000080791170,0x0000000085e00000)
 Metaspace       used 32281K, capacity 33282K, committed 33456K, reserved 1077248K
  class space    used 4381K, capacity 4700K, committed 4784K, reserved 1048576K
}
Event: 4.655 GC heap before
{Heap before GC invocations=8 (full 1):
 PSYoungGen      total 119296K, used 51373K [0x00000000d5580000, 0x00000000dd680000, 0x0000000100000000)
  eden space 107520K, 39% used [0x00000000d5580000,0x00000000d7ef52b8,0x00000000dbe80000)
  from space 11776K, 75% used [0x00000000dcb00000,0x00000000dd3b6500,0x00000000dd680000)
  to   space 12288K, 0% used [0x00000000dbe80000,0x00000000dbe80000,0x00000000dca80000)
 ParOldGen       total 96256K, used 7748K [0x0000000080000000, 0x0000000085e00000, 0x00000000d5580000)
  object space 96256K, 8% used [0x0000000080000000,0x0000000080791170,0x0000000085e00000)
 Metaspace       used 34464K, capacity 35426K, committed 35496K, reserved 1079296K
  class space    used 4696K, capacity 4978K, committed 5040K, reserved 1048576K
Event: 4.663 GC heap after
Heap after GC invocations=8 (full 1):
 PSYoungGen      total 119808K, used 10171K [0x00000000d5580000, 0x00000000e1c80000, 0x0000000100000000)
  eden space 107520K, 0% used [0x00000000d5580000,0x00000000d5580000,0x00000000dbe80000)
  from space 12288K, 82% used [0x00000000dbe80000,0x00000000dc86ed88,0x00000000dca80000)
  to   space 12288K, 0% used [0x00000000e1080000,0x00000000e1080000,0x00000000e1c80000)
 ParOldGen       total 96256K, used 7756K [0x0000000080000000, 0x0000000085e00000, 0x00000000d5580000)
  object space 96256K, 8% used [0x0000000080000000,0x0000000080793170,0x0000000085e00000)
 Metaspace       used 34464K, capacity 35426K, committed 35496K, reserved 1079296K
  class space    used 4696K, capacity 4978K, committed 5040K, reserved 1048576K
}
Event: 4.663 GC heap before
{Heap before GC invocations=9 (full 2):
 PSYoungGen      total 119808K, used 10171K [0x00000000d5580000, 0x00000000e1c80000, 0x0000000100000000)
  eden space 107520K, 0% used [0x00000000d5580000,0x00000000d5580000,0x00000000dbe80000)
  from space 12288K, 82% used [0x00000000dbe80000,0x00000000dc86ed88,0x00000000dca80000)
  to   space 12288K, 0% used [0x00000000e1080000,0x00000000e1080000,0x00000000e1c80000)
 ParOldGen       total 96256K, used 7756K [0x0000000080000000, 0x0000000085e00000, 0x00000000d5580000)
  object space 96256K, 8% used [0x0000000080000000,0x0000000080793170,0x0000000085e00000)
 Metaspace       used 34464K, capacity 35426K, committed 35496K, reserved 1079296K
  class space    used 4696K, capacity 4978K, committed 5040K, reserved 1048576K
Event: 4.713 GC heap after
Heap after GC invocations=9 (full 2):
 PSYoungGen      total 119808K, used 0K [0x00000000d5580000, 0x00000000e1c80000, 0x0000000100000000)
  eden space 107520K, 0% used [0x00000000d5580000,0x00000000d5580000,0x00000000dbe80000)
  from space 12288K, 0% used [0x00000000dbe80000,0x00000000dbe80000,0x00000000dca80000)
  to   space 12288K, 0% used [0x00000000e1080000,0x00000000e1080000,0x00000000e1c80000)
 ParOldGen       total 96256K, used 17279K [0x0000000080000000, 0x0000000085e00000, 0x00000000d5580000)
  object space 96256K, 17% used [0x0000000080000000,0x00000000810dfcb8,0x0000000085e00000)
 Metaspace       used 34464K, capacity 35426K, committed 35496K, reserved 1079296K
  class space    used 4696K, capacity 4978K, committed 5040K, reserved 1048576K
}
Event: 5.854 GC heap before
{Heap before GC invocations=10 (full 2):
 PSYoungGen      total 119808K, used 107520K [0x00000000d5580000, 0x00000000e1c80000, 0x0000000100000000)
  eden space 107520K, 100% used [0x00000000d5580000,0x00000000dbe80000,0x00000000dbe80000)
  from space 12288K, 0% used [0x00000000dbe80000,0x00000000dbe80000,0x00000000dca80000)
  to   space 12288K, 0% used [0x00000000e1080000,0x00000000e1080000,0x00000000e1c80000)
 ParOldGen       total 96256K, used 17279K [0x0000000080000000, 0x0000000085e00000, 0x00000000d5580000)
  object space 96256K, 17% used [0x0000000080000000,0x00000000810dfcb8,0x0000000085e00000)
 Metaspace       used 40699K, capacity 42324K, committed 42536K, reserved 1085440K
  class space    used 5528K, capacity 5918K, committed 5936K, reserved 1048576K
Event: 5.864 GC heap after
Heap after GC invocations=10 (full 2):
 PSYoungGen      total 162816K, used 10283K [0x00000000d5580000, 0x00000000e1b00000, 0x0000000100000000)
  eden space 152064K, 0% used [0x00000000d5580000,0x00000000d5580000,0x00000000dea00000)
  from space 10752K, 95% used [0x00000000e1080000,0x00000000e1a8adb0,0x00000000e1b00000)
  to   space 12800K, 0% used [0x00000000e0200000,0x00000000e0200000,0x00000000e0e80000)
 ParOldGen       total 96256K, used 17287K [0x0000000080000000, 0x0000000085e00000, 0x00000000d5580000)
  object space 96256K, 17% used [0x0000000080000000,0x00000000810e1cb8,0x0000000085e00000)
 Metaspace       used 40699K, capacity 42324K, committed 42536K, reserved 1085440K
  class space    used 5528K, capacity 5918K, committed 5936K, reserved 1048576K
}

